#
# There is insufficient memory for the Java Runtime Environment to continue.
# Native memory allocation (mmap) failed to map 268435456 bytes for Failed to commit area from 0x0000000701400000 to 0x0000000711400000 of length 268435456.
# Possible reasons:
#   The system is out of physical RAM or swap space
#   The process is running with CompressedOops enabled, and the Java Heap may be blocking the growth of the native heap
# Possible solutions:
#   Reduce memory load on the system
#   Increase physical memory or swap space
#   Check if swap backing store is full
#   Decrease Java heap size (-Xmx/-Xms)
#   Decrease number of Java threads
#   Decrease Java thread stack sizes (-Xss)
#   Set larger code cache with -XX:ReservedCodeCacheSize=
# This output file may be truncated or incomplete.
#
#  Out of Memory Error (./src/hotspot/os/windows/os_windows.cpp:3387), pid=27696, tid=27220
#
# JRE version:  (11.0.14.1+1) (build )
# Java VM: OpenJDK 64-Bit Server VM (11.0.14.1+1, mixed mode, sharing, tiered, compressed oops, g1 gc, windows-amd64)
# No core dump will be written. Minidumps are not enabled by default on client versions of Windows
#

---------------  S U M M A R Y ------------

Command Line: 

Host: Intel(R) Core(TM) i5-10400 CPU @ 2.90GHz, 12 cores, 15G,  Windows 11 , 64 bit Build 26100 (10.0.26100.4484)
Time: Thu Jul 24 11:46:44 2025 SE Asia Standard Time elapsed time: 2.486021 seconds (0d 0h 0m 2s)

---------------  T H R E A D  ---------------

Current thread (0x0000021145019000):  JavaThread "Unknown thread" [_thread_in_vm, id=27220, stack(0x000000a04f000000,0x000000a04f100000)]

Stack: [0x000000a04f000000,0x000000a04f100000]
Native frames: (J=compiled Java code, j=interpreted, Vv=VM code, C=native code)
V  [jvm.dll+0x61e59a]
V  [jvm.dll+0x7aaca9]
V  [jvm.dll+0x7ac398]
V  [jvm.dll+0x7aca73]
V  [jvm.dll+0x24f9b8]
V  [jvm.dll+0x61b83a]
V  [jvm.dll+0x6100c5]
V  [jvm.dll+0x30772c]
V  [jvm.dll+0x3075b2]
V  [jvm.dll+0x30c2d6]
V  [jvm.dll+0x35272f]
V  [jvm.dll+0x352160]
V  [jvm.dll+0x2e4728]
V  [jvm.dll+0x2e5886]
V  [jvm.dll+0x784b07]
V  [jvm.dll+0x78628f]
V  [jvm.dll+0x35f479]
V  [jvm.dll+0x767aa0]
V  [jvm.dll+0x3ccf1f]
V  [jvm.dll+0x3cf2b1]
C  [jli.dll+0x5207]
C  [ucrtbase.dll+0x37b0]
C  [KERNEL32.DLL+0x2e8d7]
C  [ntdll.dll+0x3c34c]


---------------  P R O C E S S  ---------------

Threads class SMR info:
_java_thread_list=0x0000021142cf7350, length=0, elements={
}

Java Threads: ( => current thread )

Other Threads:
  0x0000021145031000 GCTaskThread "GC Thread#0" [stack: 0x000000a04f100000,0x000000a04f200000] [id=19328]
  0x0000021145095800 ConcurrentGCThread "G1 Main Marker" [stack: 0x000000a04f200000,0x000000a04f300000] [id=28996]
  0x000002114509d800 ConcurrentGCThread "G1 Conc#0" [stack: 0x000000a04f300000,0x000000a04f400000] [id=13424]

[error occurred during error reporting (printing all threads), id 0xc0000005, EXCEPTION_ACCESS_VIOLATION (0xc0000005) at pc=0x00007ff85cc23ef7]

VM state:not at safepoint (not fully initialized)

VM Mutex/Monitor currently owned by a thread:  ([mutex/lock_event])
[0x00000211450163b0] Heap_lock - owner thread: 0x0000021145019000

Heap address: 0x0000000701400000, size: 4076 MB, Compressed Oops mode: Non-zero based: 0x0000000701400000
Narrow klass base: 0x0000000000000000, Narrow klass shift: 0

GC Heap History (0 events):
No events

Deoptimization events (0 events):
No events

Classes redefined (0 events):
No events

Internal exceptions (0 events):
No events

Events (1 events):
Event: 0.238 Loaded shared library F:\Editor\2022.3.41f1\Editor\Data\PlaybackEngines\AndroidPlayer\OpenJDK\bin\zip.dll


Dynamic libraries:
0x00007ff6a77d0000 - 0x00007ff6a77dd000 	F:\Editor\2022.3.41f1\Editor\Data\PlaybackEngines\AndroidPlayer\OpenJDK\bin\java.exe
0x00007ff93c820000 - 0x00007ff93ca88000 	C:\WINDOWS\SYSTEM32\ntdll.dll
0x00007ff93b450000 - 0x00007ff93b519000 	C:\WINDOWS\System32\KERNEL32.DLL
0x00007ff939ab0000 - 0x00007ff939e9d000 	C:\WINDOWS\System32\KERNELBASE.dll
0x00007ff93a250000 - 0x00007ff93a39b000 	C:\WINDOWS\System32\ucrtbase.dll
0x00007ff8f4440000 - 0x00007ff8f4455000 	F:\Editor\2022.3.41f1\Editor\Data\PlaybackEngines\AndroidPlayer\OpenJDK\bin\VCRUNTIME140.dll
0x00007ff8ea6f0000 - 0x00007ff8ea707000 	F:\Editor\2022.3.41f1\Editor\Data\PlaybackEngines\AndroidPlayer\OpenJDK\bin\jli.dll
0x00007ff93bc30000 - 0x00007ff93bdfc000 	C:\WINDOWS\System32\USER32.dll
0x00007ff9266d0000 - 0x00007ff92696a000 	C:\WINDOWS\WinSxS\amd64_microsoft.windows.common-controls_6595b64144ccf1df_6.0.26100.4484_none_3e0e6d4ce32ef3b3\COMCTL32.dll
0x00007ff93b540000 - 0x00007ff93b5e9000 	C:\WINDOWS\System32\msvcrt.dll
0x00007ff93a0e0000 - 0x00007ff93a107000 	C:\WINDOWS\System32\win32u.dll
0x00007ff93c630000 - 0x00007ff93c65b000 	C:\WINDOWS\System32\GDI32.dll
0x00007ff939970000 - 0x00007ff939aa7000 	C:\WINDOWS\System32\gdi32full.dll
0x00007ff93a110000 - 0x00007ff93a1b3000 	C:\WINDOWS\System32\msvcp_win.dll
0x00007ff93c3e0000 - 0x00007ff93c40f000 	C:\WINDOWS\System32\IMM32.DLL
0x00007ff86ecb0000 - 0x00007ff86ed4b000 	F:\Editor\2022.3.41f1\Editor\Data\PlaybackEngines\AndroidPlayer\OpenJDK\bin\msvcp140.dll
0x00007ff85c930000 - 0x00007ff85d4b1000 	F:\Editor\2022.3.41f1\Editor\Data\PlaybackEngines\AndroidPlayer\OpenJDK\bin\server\jvm.dll
0x00007ff93be00000 - 0x00007ff93beb4000 	C:\WINDOWS\System32\ADVAPI32.dll
0x00007ff93a5c0000 - 0x00007ff93a666000 	C:\WINDOWS\System32\sechost.dll
0x00007ff93c4a0000 - 0x00007ff93c5b8000 	C:\WINDOWS\System32\RPCRT4.dll
0x00007ff93c7d0000 - 0x00007ff93c7d8000 	C:\WINDOWS\System32\PSAPI.DLL
0x00007ff91e8d0000 - 0x00007ff91e8da000 	C:\WINDOWS\SYSTEM32\WSOCK32.dll
0x00007ff92c100000 - 0x00007ff92c135000 	C:\WINDOWS\SYSTEM32\WINMM.dll
0x00007ff932e60000 - 0x00007ff932e6b000 	C:\WINDOWS\SYSTEM32\VERSION.dll
0x00007ff93b3d0000 - 0x00007ff93b444000 	C:\WINDOWS\System32\WS2_32.dll
0x00007ff938710000 - 0x00007ff93872b000 	C:\WINDOWS\SYSTEM32\kernel.appcore.dll
0x00007ff923350000 - 0x00007ff923360000 	F:\Editor\2022.3.41f1\Editor\Data\PlaybackEngines\AndroidPlayer\OpenJDK\bin\verify.dll
0x00007ff927a40000 - 0x00007ff927c81000 	C:\WINDOWS\SYSTEM32\DBGHELP.DLL
0x00007ff93a890000 - 0x00007ff93ac16000 	C:\WINDOWS\System32\combase.dll
0x00007ff93a7a0000 - 0x00007ff93a880000 	C:\WINDOWS\System32\OLEAUT32.dll
0x00007ff91b1a0000 - 0x00007ff91b1e3000 	C:\WINDOWS\SYSTEM32\dbgcore.DLL
0x00007ff93a520000 - 0x00007ff93a5b9000 	C:\WINDOWS\System32\bcryptPrimitives.dll
0x00007ff8e9600000 - 0x00007ff8e9628000 	F:\Editor\2022.3.41f1\Editor\Data\PlaybackEngines\AndroidPlayer\OpenJDK\bin\java.dll
0x00007ff91b4d0000 - 0x00007ff91b4da000 	F:\Editor\2022.3.41f1\Editor\Data\PlaybackEngines\AndroidPlayer\OpenJDK\bin\jimage.dll
0x00007ff8dd250000 - 0x00007ff8dd268000 	F:\Editor\2022.3.41f1\Editor\Data\PlaybackEngines\AndroidPlayer\OpenJDK\bin\zip.dll

dbghelp: loaded successfully - version: 4.0.5 - missing functions: none
symbol engine: initialized successfully - sym options: 0x614 - pdb path: .;F:\Editor\2022.3.41f1\Editor\Data\PlaybackEngines\AndroidPlayer\OpenJDK\bin;C:\WINDOWS\SYSTEM32;C:\WINDOWS\WinSxS\amd64_microsoft.windows.common-controls_6595b64144ccf1df_6.0.26100.4484_none_3e0e6d4ce32ef3b3;F:\Editor\2022.3.41f1\Editor\Data\PlaybackEngines\AndroidPlayer\OpenJDK\bin\server

VM Arguments:
java_command: <unknown>
java_class_path (initial): <not set>
Launcher Type: SUN_STANDARD

[Global flags]
     intx CICompilerCount                          = 4                                         {product} {ergonomic}
     uint ConcGCThreads                            = 3                                         {product} {ergonomic}
     uint G1ConcRefinementThreads                  = 10                                        {product} {ergonomic}
   size_t G1HeapRegionSize                         = 1048576                                   {product} {ergonomic}
    uintx GCDrainStackTargetSize                   = 64                                        {product} {ergonomic}
   size_t InitialHeapSize                          = 268435456                                 {product} {ergonomic}
   size_t MarkStackSize                            = 4194304                                   {product} {ergonomic}
   size_t MaxHeapSize                              = 4273995776                                {product} {ergonomic}
   size_t MinHeapDeltaBytes                        = 1048576                                   {product} {ergonomic}
    uintx NonNMethodCodeHeapSize                   = 5836300                                {pd product} {ergonomic}
    uintx NonProfiledCodeHeapSize                  = 122910970                              {pd product} {ergonomic}
    uintx ProfiledCodeHeapSize                     = 122910970                              {pd product} {ergonomic}
    uintx ReservedCodeCacheSize                    = 251658240                              {pd product} {ergonomic}
     bool SegmentedCodeCache                       = true                                      {product} {ergonomic}
     bool UseCompressedClassPointers               = true                                 {lp64_product} {ergonomic}
     bool UseCompressedOops                        = true                                 {lp64_product} {ergonomic}
     bool UseG1GC                                  = true                                      {product} {ergonomic}
     bool UseLargePagesIndividualAllocation        = false                                  {pd product} {ergonomic}

Logging:
Log output configuration:
 #0: stdout all=warning uptime,level,tags
 #1: stderr all=off uptime,level,tags

Environment Variables:
JAVA_HOME=F:/Editor/2022.3.41f1/Editor/Data/PlaybackEngines/AndroidPlayer\OpenJDK
PATH=C:\Program Files\Common Files\Oracle\Java\javapath;C:\Windows\system32;C:\Windows;C:\Windows\System32\Wbem;C:\Windows\System32\WindowsPowerShell\v1.0\;C:\Windows\System32\OpenSSH\;C:\Program Files (x86)\NVIDIA Corporation\PhysX\Common;C:\Program Files\dotnet\;C:\Program Files\Git\cmd;C:\WINDOWS\system32;C:\WINDOWS;C:\WINDOWS\System32\Wbem;C:\WINDOWS\System32\WindowsPowerShell\v1.0\;C:\WINDOWS\System32\OpenSSH\;C:\Program Files\nodejs\;C:\Users\Admin\AppData\Local\Microsoft\WindowsApps;F:\VsCode\Microsoft VS Code\bin;C:\Users\Admin\.dotnet\tools;C:\ProgramData\Admin\GitHubDesktop\bin;C:\Users\Admin\AppData\Local\GitHubDesktop\bin;C:\Users\Admin\AppData\Roaming\npm
USERNAME=Admin
OS=Windows_NT
PROCESSOR_IDENTIFIER=Intel64 Family 6 Model 165 Stepping 3, GenuineIntel



---------------  S Y S T E M  ---------------

OS: Windows 11 , 64 bit Build 26100 (10.0.26100.4484)
OS uptime: 0 days 3:33 hours

CPU:total 12 (initial active 12) (6 cores per cpu, 2 threads per core) family 6 model 165 stepping 3 microcode 0xf6, cmov, cx8, fxsr, mmx, sse, sse2, sse3, ssse3, sse4.1, sse4.2, popcnt, avx, avx2, aes, clmul, erms, 3dnowpref, lzcnt, ht, tsc, tscinvbit, bmi1, bmi2, adx, fma

Memory: 4k page, system-wide physical 16298M (1472M free)
TotalPageFile size 36784M (AvailPageFile size 255M)
current process WorkingSet (physical memory assigned to process): 12M, peak: 12M
current process commit charge ("private bytes"): 65M, peak: 321M

vm_info: OpenJDK 64-Bit Server VM (11.0.14.1+1) for windows-amd64 JRE (11.0.14.1+1), built on Feb  9 2022 01:48:27 by "" with unknown MS VC++:1916

END.
